0 info it worked if it ends with ok
1 verbose cli [ 'D:\\Program Files\\nodejs\\node.exe',
1 verbose cli   'D:\\Program Files\\nodejs\\node_modules\\npm\\bin\\npm-cli.js',
1 verbose cli   'run',
1 verbose cli   'start' ]
2 info using npm@4.1.2
3 info using node@v7.7.4
4 verbose run-script [ 'prestart', 'start', 'poststart' ]
5 info lifecycle blog@1.0.0~prestart: blog@1.0.0
6 silly lifecycle blog@1.0.0~prestart: no script for prestart, continuing
7 info lifecycle blog@1.0.0~start: blog@1.0.0
8 verbose lifecycle blog@1.0.0~start: unsafe-perm in lifecycle true
9 verbose lifecycle blog@1.0.0~start: PATH: D:\Program Files\nodejs\node_modules\npm\bin\node-gyp-bin;C:\Users\hy\Desktop\demo-react-redux\node_modules\.bin;D:\Program Files\nodejs\node_modules\npm\bin\node-gyp-bin;C:\Users\hy\Desktop\demo-react-redux\node_modules\.bin;C:\Users\hy\bin;D:\Program Files\Git\mingw64\bin;D:\Program Files\Git\usr\local\bin;D:\Program Files\Git\usr\bin;D:\Program Files\Git\usr\bin;D:\Program Files\Git\mingw64\bin;D:\Program Files\Git\usr\bin;C:\Users\hy\bin;D:\Program Files\python36\Scripts;D:\Program Files\python36;D:\Program Files\apache-ant-1.10.1\bin;D:\Program Files\Java\jdk1.6.0_43\bin;D:\Program Files\Java\jdk1.6.0_43\jre\bin;C:\ProgramData\Oracle\Java\javapath;C:\WINDOWS\system32;C:\WINDOWS;C:\WINDOWS\System32\Wbem;C:\WINDOWS\System32\WindowsPowerShell\v1.0;C:\Program Files\Intel\WiFi\bin;C:\Program Files\Common Files\Intel\WirelessCommon;D:\Program Files\TortoiseSVN\bin;D:\Program Files\apache-maven-3.0.5\bin;C:\Program Files (x86)\AMD\ATI.ACE\Core-Static;D:\Program Files\nodejs;D:\Program Files\Git\cmd;D:\Program Files\Python36;D:\Program Files\wamp\bin\php\php5.5.12;C:\ProgramData\ComposerSetup\bin;D:\Program Files\nodejs\node_global;C:\Users\hy\AppData\Roaming\Composer\vendor\bin;C:\Users\hy\AppData\Local\Microsoft\WindowsApps;C:\Users\hy\AppData\Local\Programs\Fiddler;D:\Program Files\Git\usr\bin\vendor_perl;D:\Program Files\Git\usr\bin\core_perl
10 verbose lifecycle blog@1.0.0~start: CWD: C:\Users\hy\Desktop\demo-react-redux
11 silly lifecycle blog@1.0.0~start: Args: [ '/d /s /c',
11 silly lifecycle   'webpack-dev-server --hot --inline --colors --content-base ./build --prot 8888' ]
12 silly lifecycle blog@1.0.0~start: Returned: code: 1  signal: null
13 info lifecycle blog@1.0.0~start: Failed to exec start script
14 verbose stack Error: blog@1.0.0 start: `webpack-dev-server --hot --inline --colors --content-base ./build --prot 8888`
14 verbose stack Exit status 1
14 verbose stack     at EventEmitter.<anonymous> (D:\Program Files\nodejs\node_modules\npm\lib\utils\lifecycle.js:279:16)
14 verbose stack     at emitTwo (events.js:106:13)
14 verbose stack     at EventEmitter.emit (events.js:194:7)
14 verbose stack     at ChildProcess.<anonymous> (D:\Program Files\nodejs\node_modules\npm\lib\utils\spawn.js:40:14)
14 verbose stack     at emitTwo (events.js:106:13)
14 verbose stack     at ChildProcess.emit (events.js:194:7)
14 verbose stack     at maybeClose (internal/child_process.js:899:16)
14 verbose stack     at Process.ChildProcess._handle.onexit (internal/child_process.js:226:5)
15 verbose pkgid blog@1.0.0
16 verbose cwd C:\Users\hy\Desktop\demo-react-redux
17 error Windows_NT 10.0.15063
18 error argv "D:\\Program Files\\nodejs\\node.exe" "D:\\Program Files\\nodejs\\node_modules\\npm\\bin\\npm-cli.js" "run" "start"
19 error node v7.7.4
20 error npm  v4.1.2
21 error code ELIFECYCLE
22 error blog@1.0.0 start: `webpack-dev-server --hot --inline --colors --content-base ./build --prot 8888`
22 error Exit status 1
23 error Failed at the blog@1.0.0 start script 'webpack-dev-server --hot --inline --colors --content-base ./build --prot 8888'.
23 error Make sure you have the latest version of node.js and npm installed.
23 error If you do, this is most likely a problem with the blog package,
23 error not with npm itself.
23 error Tell the author that this fails on your system:
23 error     webpack-dev-server --hot --inline --colors --content-base ./build --prot 8888
23 error You can get information on how to open an issue for this project with:
23 error     npm bugs blog
23 error Or if that isn't available, you can get their info via:
23 error     npm owner ls blog
23 error There is likely additional logging output above.
24 verbose exit [ 1, true ]
